<?xml version="1.0" encoding="UTF-8"?>
<testsuite name="FleetTest" tests="4" skipped="0" failures="0" errors="0" timestamp="2023-03-24T15:14:21" hostname="DESKTOP-3JU7GBC" time="0.073">
  <properties/>
  <testcase name="equale()" classname="FleetTest" time="0.041"/>
  <testcase name="ToStringLocation()" classname="FleetTest" time="0.019"/>
  <testcase name="isNotHit()" classname="FleetTest" time="0.007"/>
  <testcase name="isHit()" classname="FleetTest" time="0.001"/>
  <system-out><![CDATA[]]></system-out>
  <system-err><![CDATA[]]></system-err>
</testsuite>
